0 verbose cli C:\Program Files\nodejs\node.exe C:\Users\cis2\AppData\Roaming\npm\node_modules\npm\bin\npm-cli.js
1 info using npm@10.8.1
2 info using node@v20.15.0
3 silly config load:file:C:\Users\cis2\AppData\Roaming\npm\node_modules\npm\npmrc
4 silly config load:file:C:\xampp\htdocs\project-ta-novia\.npmrc
5 silly config load:file:C:\Users\cis2\.npmrc
6 silly config load:file:C:\Users\cis2\AppData\Roaming\npm\etc\npmrc
7 verbose title npm install tailwindcss
8 verbose argv "install" "--save-dev" "tailwindcss"
9 verbose logfile logs-max:10 dir:C:\xampp\htdocs\project-ta-novia\tmpnodejsnpm-cache\_logs\2024-08-31T06_24_13_704Z-
10 verbose logfile C:\xampp\htdocs\project-ta-novia\tmpnodejsnpm-cache\_logs\2024-08-31T06_24_13_704Z-debug-0.log
11 silly packumentCache heap:2032926720 maxSize:508231680 maxEntrySize:254115840
12 silly logfile start cleaning logs, removing 1 files
13 silly logfile done cleaning log files
14 silly idealTree buildDeps
15 silly fetch manifest tailwindcss@*
16 silly packumentCache full:https://registry.npmjs.org/tailwindcss cache-miss
17 http fetch GET 200 https://registry.npmjs.org/tailwindcss 519ms (cache revalidated)
18 silly packumentCache full:https://registry.npmjs.org/tailwindcss set size:7616387 disposed:false
19 silly placeDep ROOT tailwindcss@3.4.10 OK for:  want: *
20 silly fetch manifest arg@^5.0.2
21 silly packumentCache full:https://registry.npmjs.org/arg cache-miss
22 silly fetch manifest dlv@^1.1.3
23 silly packumentCache full:https://registry.npmjs.org/dlv cache-miss
24 silly fetch manifest jiti@^1.21.0
25 silly packumentCache full:https://registry.npmjs.org/jiti cache-miss
26 silly fetch manifest is-glob@^4.0.3
27 silly packumentCache full:https://registry.npmjs.org/is-glob cache-miss
28 silly fetch manifest postcss@^8.4.23
29 silly packumentCache full:https://registry.npmjs.org/postcss cache-miss
30 silly fetch manifest resolve@^1.22.2
31 silly packumentCache full:https://registry.npmjs.org/resolve cache-miss
32 silly fetch manifest sucrase@^3.32.0
33 silly packumentCache full:https://registry.npmjs.org/sucrase cache-miss
34 http fetch GET 200 https://registry.npmjs.org/is-glob 106ms (cache revalidated)
35 silly packumentCache full:https://registry.npmjs.org/is-glob set size:40530 disposed:false
36 silly fetch manifest chokidar@^3.5.3
37 silly packumentCache full:https://registry.npmjs.org/chokidar cache-miss
38 http fetch GET 200 https://registry.npmjs.org/chokidar 98ms (cache revalidated)
39 silly packumentCache full:https://registry.npmjs.org/chokidar set size:263648 disposed:false
40 silly fetch manifest fast-glob@^3.3.0
41 silly packumentCache full:https://registry.npmjs.org/fast-glob cache-miss
42 http fetch GET 200 https://registry.npmjs.org/sucrase 320ms (cache revalidated)
43 silly packumentCache full:https://registry.npmjs.org/sucrase set size:444175 disposed:false
44 silly fetch manifest lilconfig@^2.1.0
45 silly packumentCache full:https://registry.npmjs.org/lilconfig cache-miss
46 http fetch GET 200 https://registry.npmjs.org/jiti 330ms (cache revalidated)
47 silly packumentCache full:https://registry.npmjs.org/jiti set size:306641 disposed:false
48 silly fetch manifest didyoumean@^1.2.2
49 silly packumentCache full:https://registry.npmjs.org/didyoumean cache-miss
50 http fetch GET 200 https://registry.npmjs.org/fast-glob 125ms (cache revalidated)
51 silly packumentCache full:https://registry.npmjs.org/fast-glob set size:314033 disposed:false
52 silly fetch manifest micromatch@^4.0.5
53 silly packumentCache full:https://registry.npmjs.org/micromatch cache-miss
54 http fetch GET 200 https://registry.npmjs.org/dlv 346ms (cache revalidated)
55 silly packumentCache full:https://registry.npmjs.org/dlv set size:16709 disposed:false
56 silly fetch manifest picocolors@^1.0.0
57 silly packumentCache full:https://registry.npmjs.org/picocolors cache-miss
58 http fetch GET 200 https://registry.npmjs.org/postcss 349ms (cache revalidated)
59 silly packumentCache full:https://registry.npmjs.org/postcss set size:651245 disposed:false
60 silly fetch manifest postcss-js@^4.0.1
61 silly packumentCache full:https://registry.npmjs.org/postcss-js cache-miss
62 http fetch GET 200 https://registry.npmjs.org/resolve 358ms (cache revalidated)
63 silly packumentCache full:https://registry.npmjs.org/resolve set size:288408 disposed:false
64 silly fetch manifest glob-parent@^6.0.2
65 silly packumentCache full:https://registry.npmjs.org/glob-parent cache-miss
66 http fetch GET 200 https://registry.npmjs.org/lilconfig 101ms (cache revalidated)
67 silly packumentCache full:https://registry.npmjs.org/lilconfig set size:43850 disposed:false
68 silly fetch manifest object-hash@^3.0.0
69 silly packumentCache full:https://registry.npmjs.org/object-hash cache-miss
70 http fetch GET 200 https://registry.npmjs.org/micromatch 102ms (cache revalidated)
71 silly packumentCache full:https://registry.npmjs.org/micromatch set size:240734 disposed:false
72 silly fetch manifest normalize-path@^3.0.0
73 silly packumentCache full:https://registry.npmjs.org/normalize-path cache-miss
74 http fetch GET 200 https://registry.npmjs.org/didyoumean 107ms (cache revalidated)
75 silly packumentCache full:https://registry.npmjs.org/didyoumean set size:11446 disposed:false
76 silly fetch manifest postcss-import@^15.1.0
77 silly packumentCache full:https://registry.npmjs.org/postcss-import cache-miss
78 http fetch GET 200 https://registry.npmjs.org/picocolors 111ms (cache revalidated)
79 silly packumentCache full:https://registry.npmjs.org/picocolors set size:13162 disposed:false
80 silly fetch manifest postcss-nested@^6.0.1
81 silly packumentCache full:https://registry.npmjs.org/postcss-nested cache-miss
82 http fetch GET 200 https://registry.npmjs.org/glob-parent 113ms (cache revalidated)
83 silly packumentCache full:https://registry.npmjs.org/glob-parent set size:42445 disposed:false
84 silly fetch manifest @alloc/quick-lru@^5.2.0
85 silly packumentCache full:https://registry.npmjs.org/@alloc%2fquick-lru cache-miss
86 http fetch GET 200 https://registry.npmjs.org/object-hash 95ms (cache revalidated)
87 silly packumentCache full:https://registry.npmjs.org/object-hash set size:100564 disposed:false
88 silly fetch manifest postcss-load-config@^4.0.1
89 silly packumentCache full:https://registry.npmjs.org/postcss-load-config cache-miss
90 http fetch GET 200 https://registry.npmjs.org/postcss-import 109ms (cache revalidated)
91 silly packumentCache full:https://registry.npmjs.org/postcss-import set size:118841 disposed:false
92 silly fetch manifest postcss-selector-parser@^6.0.11
93 silly packumentCache full:https://registry.npmjs.org/postcss-selector-parser cache-miss
94 http fetch GET 200 https://registry.npmjs.org/normalize-path 117ms (cache revalidated)
95 silly packumentCache full:https://registry.npmjs.org/normalize-path set size:28713 disposed:false
96 http fetch GET 200 https://registry.npmjs.org/postcss-nested 109ms (cache revalidated)
97 silly packumentCache full:https://registry.npmjs.org/postcss-nested set size:74085 disposed:false
98 http fetch GET 200 https://registry.npmjs.org/postcss-load-config 96ms (cache revalidated)
99 silly packumentCache full:https://registry.npmjs.org/postcss-load-config set size:86425 disposed:false
100 http fetch GET 200 https://registry.npmjs.org/postcss-selector-parser 108ms (cache revalidated)
101 silly packumentCache full:https://registry.npmjs.org/postcss-selector-parser set size:168339 disposed:false
102 http fetch GET 200 https://registry.npmjs.org/postcss-js 385ms (cache revalidated)
103 silly packumentCache full:https://registry.npmjs.org/postcss-js set size:40044 disposed:false
104 http fetch GET 200 https://registry.npmjs.org/arg 1074ms (cache revalidated)
105 silly packumentCache full:https://registry.npmjs.org/arg set size:67253 disposed:false
106 http fetch GET 200 https://registry.npmjs.org/@alloc%2fquick-lru 799ms (cache revalidated)
107 silly packumentCache full:https://registry.npmjs.org/@alloc%2fquick-lru set size:7269 disposed:false
108 silly fetch manifest ts-node@>=9.0.0
109 silly packumentCache full:https://registry.npmjs.org/ts-node cache-miss
110 http fetch GET 200 https://registry.npmjs.org/ts-node 139ms (cache revalidated)
111 silly packumentCache full:https://registry.npmjs.org/ts-node set size:574536 disposed:false
112 silly fetch manifest @swc/core@>=1.2.50
113 silly packumentCache full:https://registry.npmjs.org/@swc%2fcore cache-miss
114 http fetch GET 200 https://registry.npmjs.org/@swc%2fcore 188ms (cache revalidated)
115 silly packumentCache full:https://registry.npmjs.org/@swc%2fcore set size:3230103 disposed:false
116 silly fetch manifest @swc/helpers@*
117 silly packumentCache full:https://registry.npmjs.org/@swc%2fhelpers cache-miss
118 http fetch GET 200 https://registry.npmjs.org/@swc%2fhelpers 139ms (cache revalidated)
119 silly packumentCache full:https://registry.npmjs.org/@swc%2fhelpers set size:568005 disposed:false
120 silly fetch manifest @swc/wasm@>=1.2.50
121 silly packumentCache full:https://registry.npmjs.org/@swc%2fwasm cache-miss
122 http fetch GET 200 https://registry.npmjs.org/@swc%2fwasm 173ms (cache revalidated)
123 silly packumentCache full:https://registry.npmjs.org/@swc%2fwasm set size:1006507 disposed:false
124 silly fetch manifest @types/node@*
125 silly packumentCache full:https://registry.npmjs.org/@types%2fnode cache-miss
126 http fetch GET 200 https://registry.npmjs.org/@types%2fnode 155ms (cache revalidated)
127 silly packumentCache full:https://registry.npmjs.org/@types%2fnode set size:9001048 disposed:false
128 silly fetch manifest typescript@>=2.7
129 silly packumentCache full:https://registry.npmjs.org/typescript cache-miss
130 http fetch GET 200 https://registry.npmjs.org/typescript 153ms (cache revalidated)
131 silly packumentCache full:https://registry.npmjs.org/typescript set size:13172752 disposed:false
132 silly placeDep ROOT @alloc/quick-lru@5.2.0 OK for: tailwindcss@3.4.10 want: ^5.2.0
133 silly placeDep ROOT arg@5.0.2 OK for: tailwindcss@3.4.10 want: ^5.0.2
134 silly placeDep ROOT chokidar@3.6.0 OK for: tailwindcss@3.4.10 want: ^3.5.3
135 silly placeDep ROOT didyoumean@1.2.2 OK for: tailwindcss@3.4.10 want: ^1.2.2
136 silly placeDep ROOT dlv@1.1.3 OK for: tailwindcss@3.4.10 want: ^1.1.3
137 silly placeDep ROOT fast-glob@3.3.2 OK for: tailwindcss@3.4.10 want: ^3.3.0
138 silly placeDep ROOT glob-parent@6.0.2 OK for: tailwindcss@3.4.10 want: ^6.0.2
139 silly placeDep ROOT is-glob@4.0.3 OK for: tailwindcss@3.4.10 want: ^4.0.3
140 silly placeDep ROOT jiti@1.21.6 OK for: tailwindcss@3.4.10 want: ^1.21.0
141 silly placeDep ROOT lilconfig@2.1.0 OK for: tailwindcss@3.4.10 want: ^2.1.0
142 silly placeDep ROOT micromatch@4.0.8 OK for: tailwindcss@3.4.10 want: ^4.0.5
143 silly placeDep ROOT normalize-path@3.0.0 OK for: tailwindcss@3.4.10 want: ^3.0.0
144 silly placeDep ROOT object-hash@3.0.0 OK for: tailwindcss@3.4.10 want: ^3.0.0
145 silly placeDep ROOT picocolors@1.0.1 OK for: tailwindcss@3.4.10 want: ^1.0.0
146 silly placeDep ROOT postcss@8.4.41 OK for: tailwindcss@3.4.10 want: ^8.4.23
147 silly placeDep ROOT postcss-import@15.1.0 OK for: tailwindcss@3.4.10 want: ^15.1.0
148 silly placeDep ROOT postcss-js@4.0.1 OK for: tailwindcss@3.4.10 want: ^4.0.1
149 silly placeDep ROOT postcss-load-config@4.0.2 OK for: tailwindcss@3.4.10 want: ^4.0.1
150 silly placeDep ROOT postcss-nested@6.2.0 OK for: tailwindcss@3.4.10 want: ^6.0.1
151 silly placeDep ROOT postcss-selector-parser@6.1.2 OK for: tailwindcss@3.4.10 want: ^6.0.11
152 silly placeDep ROOT resolve@1.22.8 OK for: tailwindcss@3.4.10 want: ^1.22.2
153 silly placeDep ROOT sucrase@3.35.0 OK for: tailwindcss@3.4.10 want: ^3.32.0
154 silly fetch manifest anymatch@~3.1.2
155 silly packumentCache full:https://registry.npmjs.org/anymatch cache-miss
156 silly fetch manifest braces@~3.0.2
157 silly packumentCache full:https://registry.npmjs.org/braces cache-miss
158 silly fetch manifest glob-parent@~5.1.2
159 silly packumentCache full:https://registry.npmjs.org/glob-parent cache-hit
160 silly fetch manifest is-binary-path@~2.1.0
161 silly packumentCache full:https://registry.npmjs.org/is-binary-path cache-miss
162 silly fetch manifest is-glob@~4.0.1
163 silly packumentCache full:https://registry.npmjs.org/is-glob cache-hit
164 silly fetch manifest normalize-path@~3.0.0
165 silly packumentCache full:https://registry.npmjs.org/normalize-path cache-hit
166 silly fetch manifest readdirp@~3.6.0
167 silly packumentCache full:https://registry.npmjs.org/readdirp cache-miss
168 silly fetch manifest fsevents@~2.3.2
169 silly packumentCache full:https://registry.npmjs.org/fsevents cache-miss
170 silly fetch manifest @nodelib/fs.stat@^2.0.2
171 silly packumentCache full:https://registry.npmjs.org/@nodelib%2ffs.stat cache-miss
172 silly fetch manifest @nodelib/fs.walk@^1.2.3
173 silly packumentCache full:https://registry.npmjs.org/@nodelib%2ffs.walk cache-miss
174 http fetch GET 200 https://registry.npmjs.org/braces 113ms (cache revalidated)
175 silly packumentCache full:https://registry.npmjs.org/braces set size:114633 disposed:false
176 silly fetch manifest glob-parent@^5.1.2
177 silly packumentCache full:https://registry.npmjs.org/glob-parent cache-hit
178 silly fetch manifest merge2@^1.3.0
179 silly packumentCache full:https://registry.npmjs.org/merge2 cache-miss
180 http fetch GET 200 https://registry.npmjs.org/readdirp 116ms (cache revalidated)
181 silly packumentCache full:https://registry.npmjs.org/readdirp set size:95371 disposed:false
182 silly fetch manifest micromatch@^4.0.4
183 silly packumentCache full:https://registry.npmjs.org/micromatch cache-hit
184 silly fetch manifest is-extglob@^2.1.1
185 silly packumentCache full:https://registry.npmjs.org/is-extglob cache-miss
186 http fetch GET 200 https://registry.npmjs.org/is-binary-path 124ms (cache revalidated)
187 silly packumentCache full:https://registry.npmjs.org/is-binary-path set size:13475 disposed:false
188 silly fetch manifest braces@^3.0.3
189 silly packumentCache full:https://registry.npmjs.org/braces cache-hit
190 silly fetch manifest picomatch@^2.3.1
191 silly packumentCache full:https://registry.npmjs.org/picomatch cache-miss
192 http fetch GET 200 https://registry.npmjs.org/fsevents 124ms (cache revalidated)
193 silly packumentCache full:https://registry.npmjs.org/fsevents set size:184786 disposed:false
194 silly fetch manifest nanoid@^3.3.7
195 silly packumentCache full:https://registry.npmjs.org/nanoid cache-miss
196 http fetch GET 200 https://registry.npmjs.org/anymatch 137ms (cache revalidated)
197 silly packumentCache full:https://registry.npmjs.org/anymatch set size:43024 disposed:false
198 silly fetch manifest source-map-js@^1.2.0
199 silly packumentCache full:https://registry.npmjs.org/source-map-js cache-miss
200 http fetch GET 200 https://registry.npmjs.org/@nodelib%2ffs.stat 143ms (cache revalidated)
201 silly packumentCache full:https://registry.npmjs.org/@nodelib%2ffs.stat set size:38550 disposed:false
202 silly fetch manifest postcss-value-parser@^4.0.0
203 silly packumentCache full:https://registry.npmjs.org/postcss-value-parser cache-miss
204 http fetch GET 200 https://registry.npmjs.org/@nodelib%2ffs.walk 155ms (cache revalidated)
205 silly packumentCache full:https://registry.npmjs.org/@nodelib%2ffs.walk set size:43590 disposed:false
206 silly fetch manifest read-cache@^1.0.0
207 silly packumentCache full:https://registry.npmjs.org/read-cache cache-miss
208 http fetch GET 200 https://registry.npmjs.org/merge2 111ms (cache revalidated)
209 silly packumentCache full:https://registry.npmjs.org/merge2 set size:46159 disposed:false
210 silly fetch manifest resolve@^1.1.7
211 silly packumentCache full:https://registry.npmjs.org/resolve cache-hit
212 silly fetch manifest camelcase-css@^2.0.1
213 silly packumentCache full:https://registry.npmjs.org/camelcase-css cache-miss
214 http fetch GET 200 https://registry.npmjs.org/picomatch 116ms (cache revalidated)
215 silly packumentCache full:https://registry.npmjs.org/picomatch set size:116241 disposed:false
216 silly fetch manifest yaml@^2.3.4
217 silly packumentCache full:https://registry.npmjs.org/yaml cache-miss
218 http fetch GET 200 https://registry.npmjs.org/is-extglob 124ms (cache revalidated)
219 silly packumentCache full:https://registry.npmjs.org/is-extglob set size:11766 disposed:false
220 silly fetch manifest lilconfig@^3.0.0
221 silly packumentCache full:https://registry.npmjs.org/lilconfig cache-hit
222 silly fetch manifest postcss-selector-parser@^6.1.1
223 silly packumentCache full:https://registry.npmjs.org/postcss-selector-parser cache-hit
224 silly fetch manifest cssesc@^3.0.0
225 silly packumentCache full:https://registry.npmjs.org/cssesc cache-miss
226 http fetch GET 200 https://registry.npmjs.org/nanoid 117ms (cache revalidated)
227 silly packumentCache full:https://registry.npmjs.org/nanoid set size:271372 disposed:false
228 silly fetch manifest util-deprecate@^1.0.2
229 silly packumentCache full:https://registry.npmjs.org/util-deprecate cache-miss
230 http fetch GET 200 https://registry.npmjs.org/postcss-value-parser 104ms (cache revalidated)
231 silly packumentCache full:https://registry.npmjs.org/postcss-value-parser set size:73484 disposed:false
232 silly fetch manifest is-core-module@^2.13.0
233 silly packumentCache full:https://registry.npmjs.org/is-core-module cache-miss
234 http fetch GET 200 https://registry.npmjs.org/source-map-js 121ms (cache revalidated)
235 silly packumentCache full:https://registry.npmjs.org/source-map-js set size:58777 disposed:false
236 silly fetch manifest path-parse@^1.0.7
237 silly packumentCache full:https://registry.npmjs.org/path-parse cache-miss
238 http fetch GET 200 https://registry.npmjs.org/read-cache 118ms (cache revalidated)
239 silly packumentCache full:https://registry.npmjs.org/read-cache set size:3003 disposed:false
240 silly fetch manifest supports-preserve-symlinks-flag@^1.0.0
241 silly packumentCache full:https://registry.npmjs.org/supports-preserve-symlinks-flag cache-miss
242 http fetch GET 200 https://registry.npmjs.org/camelcase-css 100ms (cache revalidated)
243 silly packumentCache full:https://registry.npmjs.org/camelcase-css set size:9392 disposed:false
244 silly fetch manifest @jridgewell/gen-mapping@^0.3.2
245 silly packumentCache full:https://registry.npmjs.org/@jridgewell%2fgen-mapping cache-miss
246 http fetch GET 200 https://registry.npmjs.org/util-deprecate 98ms (cache revalidated)
247 silly packumentCache full:https://registry.npmjs.org/util-deprecate set size:6674 disposed:false
248 silly fetch manifest commander@^4.0.0
249 silly packumentCache full:https://registry.npmjs.org/commander cache-miss
250 http fetch GET 200 https://registry.npmjs.org/yaml 111ms (cache revalidated)
251 silly packumentCache full:https://registry.npmjs.org/yaml set size:335113 disposed:false
252 silly fetch manifest glob@^10.3.10
253 silly packumentCache full:https://registry.npmjs.org/glob cache-miss
254 http fetch GET 200 https://registry.npmjs.org/cssesc 112ms (cache revalidated)
255 silly packumentCache full:https://registry.npmjs.org/cssesc set size:18815 disposed:false
256 silly fetch manifest lines-and-columns@^1.1.6
257 silly packumentCache full:https://registry.npmjs.org/lines-and-columns cache-miss
258 http fetch GET 200 https://registry.npmjs.org/path-parse 107ms (cache revalidated)
259 silly packumentCache full:https://registry.npmjs.org/path-parse set size:14523 disposed:false
260 silly fetch manifest mz@^2.7.0
261 silly packumentCache full:https://registry.npmjs.org/mz cache-miss
262 http fetch GET 200 https://registry.npmjs.org/is-core-module 111ms (cache revalidated)
263 silly packumentCache full:https://registry.npmjs.org/is-core-module set size:66526 disposed:false
264 silly fetch manifest pirates@^4.0.1
265 silly packumentCache full:https://registry.npmjs.org/pirates cache-miss
266 http fetch GET 200 https://registry.npmjs.org/supports-preserve-symlinks-flag 108ms (cache revalidated)
267 silly packumentCache full:https://registry.npmjs.org/supports-preserve-symlinks-flag set size:6802 disposed:false
268 silly fetch manifest ts-interface-checker@^0.1.9
269 silly packumentCache full:https://registry.npmjs.org/ts-interface-checker cache-miss
270 http fetch GET 200 https://registry.npmjs.org/commander 95ms (cache revalidated)
271 silly packumentCache full:https://registry.npmjs.org/commander set size:942287 disposed:false
272 http fetch GET 200 https://registry.npmjs.org/mz 103ms (cache revalidated)
273 silly packumentCache full:https://registry.npmjs.org/mz set size:42731 disposed:false
274 http fetch GET 200 https://registry.npmjs.org/@jridgewell%2fgen-mapping 141ms (cache revalidated)
275 silly packumentCache full:https://registry.npmjs.org/@jridgewell%2fgen-mapping set size:88307 disposed:false
276 http fetch GET 200 https://registry.npmjs.org/glob 117ms (cache revalidated)
277 silly packumentCache full:https://registry.npmjs.org/glob set size:430869 disposed:false
278 http fetch GET 200 https://registry.npmjs.org/lines-and-columns 119ms (cache revalidated)
279 silly packumentCache full:https://registry.npmjs.org/lines-and-columns set size:73796 disposed:false
280 http fetch GET 200 https://registry.npmjs.org/pirates 118ms (cache revalidated)
281 silly packumentCache full:https://registry.npmjs.org/pirates set size:49558 disposed:false
282 http fetch GET 200 https://registry.npmjs.org/ts-interface-checker 101ms (cache revalidated)
283 silly packumentCache full:https://registry.npmjs.org/ts-interface-checker set size:58946 disposed:false
284 silly placeDep ROOT anymatch@3.1.3 OK for: chokidar@3.6.0 want: ~3.1.2
285 silly placeDep ROOT braces@3.0.3 OK for: chokidar@3.6.0 want: ~3.0.2
286 silly placeDep ROOT fsevents@2.3.3 OK for: chokidar@3.6.0 want: ~2.3.2
287 silly placeDep node_modules/chokidar glob-parent@5.1.2 OK for: chokidar@3.6.0 want: ~5.1.2
288 silly placeDep ROOT is-binary-path@2.1.0 OK for: chokidar@3.6.0 want: ~2.1.0
289 silly placeDep ROOT readdirp@3.6.0 OK for: chokidar@3.6.0 want: ~3.6.0
290 silly fetch manifest picomatch@^2.0.4
291 silly packumentCache full:https://registry.npmjs.org/picomatch cache-hit
292 silly fetch manifest fill-range@^7.1.1
293 silly packumentCache full:https://registry.npmjs.org/fill-range cache-miss
294 silly fetch manifest binary-extensions@^2.0.0
295 silly packumentCache full:https://registry.npmjs.org/binary-extensions cache-miss
296 silly fetch manifest picomatch@^2.2.1
297 silly packumentCache full:https://registry.npmjs.org/picomatch cache-hit
298 http fetch GET 200 https://registry.npmjs.org/fill-range 101ms (cache revalidated)
299 silly packumentCache full:https://registry.npmjs.org/fill-range set size:90212 disposed:false
300 http fetch GET 200 https://registry.npmjs.org/binary-extensions 110ms (cache revalidated)
301 silly packumentCache full:https://registry.npmjs.org/binary-extensions set size:49673 disposed:false
302 silly placeDep ROOT picomatch@2.3.1 OK for: anymatch@3.1.3 want: ^2.0.4
303 silly placeDep ROOT fill-range@7.1.1 OK for: braces@3.0.3 want: ^7.1.1
304 silly fetch manifest to-regex-range@^5.0.1
305 silly packumentCache full:https://registry.npmjs.org/to-regex-range cache-miss
306 http fetch GET 200 https://registry.npmjs.org/to-regex-range 121ms (cache revalidated)
307 silly packumentCache full:https://registry.npmjs.org/to-regex-range set size:61569 disposed:false
308 silly placeDep ROOT @nodelib/fs.stat@2.0.5 OK for: fast-glob@3.3.2 want: ^2.0.2
309 silly placeDep ROOT @nodelib/fs.walk@1.2.8 OK for: fast-glob@3.3.2 want: ^1.2.3
310 silly placeDep node_modules/fast-glob glob-parent@5.1.2 OK for: fast-glob@3.3.2 want: ^5.1.2
311 silly placeDep ROOT merge2@1.4.1 OK for: fast-glob@3.3.2 want: ^1.3.0
312 silly fetch manifest @nodelib/fs.scandir@2.1.5
313 silly packumentCache full:https://registry.npmjs.org/@nodelib%2ffs.scandir cache-miss
314 silly fetch manifest fastq@^1.6.0
315 silly packumentCache full:https://registry.npmjs.org/fastq cache-miss
316 http fetch GET 200 https://registry.npmjs.org/fastq 114ms (cache revalidated)
317 silly packumentCache full:https://registry.npmjs.org/fastq set size:67370 disposed:false
318 http fetch GET 200 https://registry.npmjs.org/@nodelib%2ffs.scandir 138ms (cache revalidated)
319 silly packumentCache full:https://registry.npmjs.org/@nodelib%2ffs.scandir set size:49431 disposed:false
320 silly placeDep ROOT @nodelib/fs.scandir@2.1.5 OK for: @nodelib/fs.walk@1.2.8 want: 2.1.5
321 silly placeDep ROOT fastq@1.17.1 OK for: @nodelib/fs.walk@1.2.8 want: ^1.6.0
322 silly fetch manifest run-parallel@^1.1.9
323 silly packumentCache full:https://registry.npmjs.org/run-parallel cache-miss
324 silly fetch manifest reusify@^1.0.4
325 silly packumentCache full:https://registry.npmjs.org/reusify cache-miss
326 http fetch GET 200 https://registry.npmjs.org/run-parallel 118ms (cache revalidated)
327 silly packumentCache full:https://registry.npmjs.org/run-parallel set size:35190 disposed:false
328 http fetch GET 200 https://registry.npmjs.org/reusify 418ms (cache revalidated)
329 silly packumentCache full:https://registry.npmjs.org/reusify set size:12832 disposed:false
330 silly placeDep ROOT run-parallel@1.2.0 OK for: @nodelib/fs.scandir@2.1.5 want: ^1.1.9
331 silly fetch manifest queue-microtask@^1.2.2
332 silly packumentCache full:https://registry.npmjs.org/queue-microtask cache-miss
333 http fetch GET 200 https://registry.npmjs.org/queue-microtask 95ms (cache revalidated)
334 silly packumentCache full:https://registry.npmjs.org/queue-microtask set size:36088 disposed:false
335 silly placeDep ROOT reusify@1.0.4 OK for: fastq@1.17.1 want: ^1.0.4
336 silly placeDep ROOT to-regex-range@5.0.1 OK for: fill-range@7.1.1 want: ^5.0.1
337 silly fetch manifest is-number@^7.0.0
338 silly packumentCache full:https://registry.npmjs.org/is-number cache-miss
339 http fetch GET 200 https://registry.npmjs.org/is-number 122ms (cache revalidated)
340 silly packumentCache full:https://registry.npmjs.org/is-number set size:36183 disposed:false
341 silly placeDep ROOT binary-extensions@2.3.0 OK for: is-binary-path@2.1.0 want: ^2.0.0
342 silly placeDep ROOT is-extglob@2.1.1 OK for: is-glob@4.0.3 want: ^2.1.1
343 silly placeDep ROOT nanoid@3.3.7 OK for: postcss@8.4.41 want: ^3.3.7
344 silly placeDep ROOT source-map-js@1.2.0 OK for: postcss@8.4.41 want: ^1.2.0
345 silly placeDep ROOT postcss-value-parser@4.2.0 OK for: postcss-import@15.1.0 want: ^4.0.0
346 silly placeDep ROOT read-cache@1.0.0 OK for: postcss-import@15.1.0 want: ^1.0.0
347 silly fetch manifest pify@^2.3.0
348 silly packumentCache full:https://registry.npmjs.org/pify cache-miss
349 http fetch GET 200 https://registry.npmjs.org/pify 112ms (cache revalidated)
350 silly packumentCache full:https://registry.npmjs.org/pify set size:33583 disposed:false
351 silly placeDep ROOT camelcase-css@2.0.1 OK for: postcss-js@4.0.1 want: ^2.0.1
352 silly placeDep node_modules/postcss-load-config lilconfig@3.1.2 OK for: postcss-load-config@4.0.2 want: ^3.0.0
353 silly placeDep ROOT yaml@2.5.0 OK for: postcss-load-config@4.0.2 want: ^2.3.4
354 silly placeDep ROOT cssesc@3.0.0 OK for: postcss-selector-parser@6.1.2 want: ^3.0.0
355 silly placeDep ROOT util-deprecate@1.0.2 OK for: postcss-selector-parser@6.1.2 want: ^1.0.2
356 silly placeDep ROOT pify@2.3.0 OK for: read-cache@1.0.0 want: ^2.3.0
357 silly placeDep ROOT is-core-module@2.15.1 OK for: resolve@1.22.8 want: ^2.13.0
358 silly placeDep ROOT path-parse@1.0.7 OK for: resolve@1.22.8 want: ^1.0.7
359 silly placeDep ROOT supports-preserve-symlinks-flag@1.0.0 OK for: resolve@1.22.8 want: ^1.0.0
360 silly fetch manifest hasown@^2.0.2
361 silly packumentCache full:https://registry.npmjs.org/hasown cache-miss
362 http fetch GET 200 https://registry.npmjs.org/hasown 134ms (cache revalidated)
363 silly packumentCache full:https://registry.npmjs.org/hasown set size:12476 disposed:false
364 silly placeDep ROOT hasown@2.0.2 OK for: is-core-module@2.15.1 want: ^2.0.2
365 silly fetch manifest function-bind@^1.1.2
366 silly packumentCache full:https://registry.npmjs.org/function-bind cache-miss
367 http fetch GET 200 https://registry.npmjs.org/function-bind 106ms (cache revalidated)
368 silly packumentCache full:https://registry.npmjs.org/function-bind set size:15733 disposed:false
369 silly placeDep ROOT function-bind@1.1.2 OK for: hasown@2.0.2 want: ^1.1.2
370 silly placeDep ROOT queue-microtask@1.2.3 OK for: run-parallel@1.2.0 want: ^1.2.2
371 silly placeDep ROOT @jridgewell/gen-mapping@0.3.5 OK for: sucrase@3.35.0 want: ^0.3.2
372 silly placeDep ROOT commander@4.1.1 OK for: sucrase@3.35.0 want: ^4.0.0
373 silly placeDep ROOT glob@10.4.5 OK for: sucrase@3.35.0 want: ^10.3.10
374 silly placeDep ROOT lines-and-columns@1.2.4 OK for: sucrase@3.35.0 want: ^1.1.6
375 silly placeDep ROOT mz@2.7.0 OK for: sucrase@3.35.0 want: ^2.7.0
376 silly placeDep ROOT pirates@4.0.6 OK for: sucrase@3.35.0 want: ^4.0.1
377 silly placeDep ROOT ts-interface-checker@0.1.13 OK for: sucrase@3.35.0 want: ^0.1.9
378 silly fetch manifest @jridgewell/set-array@^1.2.1
379 silly packumentCache full:https://registry.npmjs.org/@jridgewell%2fset-array cache-miss
380 silly fetch manifest @jridgewell/trace-mapping@^0.3.24
381 silly packumentCache full:https://registry.npmjs.org/@jridgewell%2ftrace-mapping cache-miss
382 silly fetch manifest @jridgewell/sourcemap-codec@^1.4.10
383 silly packumentCache full:https://registry.npmjs.org/@jridgewell%2fsourcemap-codec cache-miss
384 silly fetch manifest minipass@^7.1.2
385 silly packumentCache full:https://registry.npmjs.org/minipass cache-miss
386 silly fetch manifest jackspeak@^3.1.2
387 silly packumentCache full:https://registry.npmjs.org/jackspeak cache-miss
388 silly fetch manifest minimatch@^9.0.4
389 silly packumentCache full:https://registry.npmjs.org/minimatch cache-miss
390 silly fetch manifest path-scurry@^1.11.1
391 silly packumentCache full:https://registry.npmjs.org/path-scurry cache-miss
392 http fetch GET 200 https://registry.npmjs.org/minipass 113ms (cache revalidated)
393 silly packumentCache full:https://registry.npmjs.org/minipass set size:490195 disposed:false
394 silly fetch manifest foreground-child@^3.1.0
395 silly packumentCache full:https://registry.npmjs.org/foreground-child cache-miss
396 http fetch GET 200 https://registry.npmjs.org/minimatch 121ms (cache revalidated)
397 silly packumentCache full:https://registry.npmjs.org/minimatch set size:398328 disposed:false
398 silly fetch manifest package-json-from-dist@^1.0.0
399 silly packumentCache full:https://registry.npmjs.org/package-json-from-dist cache-miss
400 http fetch GET 200 https://registry.npmjs.org/jackspeak 125ms (cache revalidated)
401 silly packumentCache full:https://registry.npmjs.org/jackspeak set size:165806 disposed:false
402 silly fetch manifest any-promise@^1.0.0
403 silly packumentCache full:https://registry.npmjs.org/any-promise cache-miss
404 http fetch GET 200 https://registry.npmjs.org/path-scurry 129ms (cache revalidated)
405 silly packumentCache full:https://registry.npmjs.org/path-scurry set size:112463 disposed:false
406 silly fetch manifest object-assign@^4.0.1
407 silly packumentCache full:https://registry.npmjs.org/object-assign cache-miss
408 http fetch GET 200 https://registry.npmjs.org/@jridgewell%2fsourcemap-codec 140ms (cache revalidated)
409 silly packumentCache full:https://registry.npmjs.org/@jridgewell%2fsourcemap-codec set size:54548 disposed:false
410 silly fetch manifest thenify-all@^1.0.0
411 silly packumentCache full:https://registry.npmjs.org/thenify-all cache-miss
412 http fetch GET 200 https://registry.npmjs.org/@jridgewell%2fset-array 147ms (cache revalidated)
413 silly packumentCache full:https://registry.npmjs.org/@jridgewell%2fset-array set size:25503 disposed:false
414 http fetch GET 200 https://registry.npmjs.org/@jridgewell%2ftrace-mapping 152ms (cache revalidated)
415 silly packumentCache full:https://registry.npmjs.org/@jridgewell%2ftrace-mapping set size:146917 disposed:false
416 http fetch GET 200 https://registry.npmjs.org/foreground-child 106ms (cache revalidated)
417 silly packumentCache full:https://registry.npmjs.org/foreground-child set size:56088 disposed:false
418 http fetch GET 200 https://registry.npmjs.org/any-promise 115ms (cache revalidated)
419 silly packumentCache full:https://registry.npmjs.org/any-promise set size:20233 disposed:false
420 http fetch GET 200 https://registry.npmjs.org/package-json-from-dist 120ms (cache revalidated)
421 silly packumentCache full:https://registry.npmjs.org/package-json-from-dist set size:6354 disposed:false
422 http fetch GET 200 https://registry.npmjs.org/object-assign 113ms (cache revalidated)
423 silly packumentCache full:https://registry.npmjs.org/object-assign set size:29002 disposed:false
424 http fetch GET 200 https://registry.npmjs.org/thenify-all 108ms (cache revalidated)
425 silly packumentCache full:https://registry.npmjs.org/thenify-all set size:18488 disposed:false
426 silly placeDep ROOT @jridgewell/set-array@1.2.1 OK for: @jridgewell/gen-mapping@0.3.5 want: ^1.2.1
427 silly placeDep ROOT @jridgewell/sourcemap-codec@1.5.0 OK for: @jridgewell/gen-mapping@0.3.5 want: ^1.4.10
428 silly placeDep ROOT @jridgewell/trace-mapping@0.3.25 OK for: @jridgewell/gen-mapping@0.3.5 want: ^0.3.24
429 silly fetch manifest @jridgewell/resolve-uri@^3.1.0
430 silly packumentCache full:https://registry.npmjs.org/@jridgewell%2fresolve-uri cache-miss
431 http fetch GET 200 https://registry.npmjs.org/@jridgewell%2fresolve-uri 142ms (cache revalidated)
432 silly packumentCache full:https://registry.npmjs.org/@jridgewell%2fresolve-uri set size:57361 disposed:false
433 silly placeDep ROOT @jridgewell/resolve-uri@3.1.2 OK for: @jridgewell/trace-mapping@0.3.25 want: ^3.1.0
434 silly placeDep ROOT foreground-child@3.3.0 OK for: glob@10.4.5 want: ^3.1.0
435 silly placeDep ROOT jackspeak@3.4.3 OK for: glob@10.4.5 want: ^3.1.2
436 silly placeDep ROOT minimatch@9.0.5 OK for: glob@10.4.5 want: ^9.0.4
437 silly placeDep ROOT minipass@7.1.2 OK for: glob@10.4.5 want: ^7.1.2
438 silly placeDep ROOT package-json-from-dist@1.0.0 OK for: glob@10.4.5 want: ^1.0.0
439 silly placeDep ROOT path-scurry@1.11.1 OK for: glob@10.4.5 want: ^1.11.1
440 silly fetch manifest cross-spawn@^7.0.0
441 silly packumentCache full:https://registry.npmjs.org/cross-spawn cache-miss
442 silly fetch manifest signal-exit@^4.0.1
443 silly packumentCache full:https://registry.npmjs.org/signal-exit cache-miss
444 silly fetch manifest @isaacs/cliui@^8.0.2
445 silly packumentCache full:https://registry.npmjs.org/@isaacs%2fcliui cache-miss
446 silly fetch manifest @pkgjs/parseargs@^0.11.0
447 silly packumentCache full:https://registry.npmjs.org/@pkgjs%2fparseargs cache-miss
448 silly fetch manifest brace-expansion@^2.0.1
449 silly packumentCache full:https://registry.npmjs.org/brace-expansion cache-miss
450 silly fetch manifest lru-cache@^10.2.0
451 silly packumentCache full:https://registry.npmjs.org/lru-cache cache-miss
452 http fetch GET 200 https://registry.npmjs.org/brace-expansion 105ms (cache revalidated)
453 silly packumentCache full:https://registry.npmjs.org/brace-expansion set size:42345 disposed:false
454 http fetch GET 200 https://registry.npmjs.org/cross-spawn 112ms (cache revalidated)
455 silly packumentCache full:https://registry.npmjs.org/cross-spawn set size:104585 disposed:false
456 http fetch GET 200 https://registry.npmjs.org/signal-exit 113ms (cache revalidated)
457 silly packumentCache full:https://registry.npmjs.org/signal-exit set size:53489 disposed:false
458 http fetch GET 200 https://registry.npmjs.org/lru-cache 127ms (cache revalidated)
459 silly packumentCache full:https://registry.npmjs.org/lru-cache set size:698785 disposed:false
460 http fetch GET 200 https://registry.npmjs.org/@pkgjs%2fparseargs 428ms (cache revalidated)
461 silly packumentCache full:https://registry.npmjs.org/@pkgjs%2fparseargs set size:51085 disposed:false
462 http fetch GET 200 https://registry.npmjs.org/@isaacs%2fcliui 793ms (cache revalidated)
463 silly packumentCache full:https://registry.npmjs.org/@isaacs%2fcliui set size:7676 disposed:false
464 silly placeDep ROOT cross-spawn@7.0.3 OK for: foreground-child@3.3.0 want: ^7.0.0
465 silly placeDep ROOT signal-exit@4.1.0 OK for: foreground-child@3.3.0 want: ^4.0.1
466 silly fetch manifest path-key@^3.1.0
467 silly packumentCache full:https://registry.npmjs.org/path-key cache-miss
468 silly fetch manifest shebang-command@^2.0.0
469 silly packumentCache full:https://registry.npmjs.org/shebang-command cache-miss
470 silly fetch manifest which@^2.0.1
471 silly packumentCache full:https://registry.npmjs.org/which cache-miss
472 http fetch GET 200 https://registry.npmjs.org/which 95ms (cache revalidated)
473 silly packumentCache full:https://registry.npmjs.org/which set size:60300 disposed:false
474 http fetch GET 200 https://registry.npmjs.org/shebang-command 116ms (cache revalidated)
475 silly packumentCache full:https://registry.npmjs.org/shebang-command set size:8525 disposed:false
476 http fetch GET 200 https://registry.npmjs.org/path-key 387ms (cache revalidated)
477 silly packumentCache full:https://registry.npmjs.org/path-key set size:16975 disposed:false
478 silly placeDep ROOT path-key@3.1.1 OK for: cross-spawn@7.0.3 want: ^3.1.0
479 silly placeDep ROOT shebang-command@2.0.0 OK for: cross-spawn@7.0.3 want: ^2.0.0
480 silly placeDep ROOT which@2.0.2 OK for: cross-spawn@7.0.3 want: ^2.0.1
481 silly fetch manifest shebang-regex@^3.0.0
482 silly packumentCache full:https://registry.npmjs.org/shebang-regex cache-miss
483 silly fetch manifest isexe@^2.0.0
484 silly packumentCache full:https://registry.npmjs.org/isexe cache-miss
485 http fetch GET 200 https://registry.npmjs.org/shebang-regex 105ms (cache revalidated)
486 silly packumentCache full:https://registry.npmjs.org/shebang-regex set size:9763 disposed:false
487 http fetch GET 200 https://registry.npmjs.org/isexe 111ms (cache revalidated)
488 silly packumentCache full:https://registry.npmjs.org/isexe set size:19340 disposed:false
489 silly placeDep ROOT @isaacs/cliui@8.0.2 OK for: jackspeak@3.4.3 want: ^8.0.2
490 silly placeDep ROOT @pkgjs/parseargs@0.11.0 OK for: jackspeak@3.4.3 want: ^0.11.0
491 silly fetch manifest string-width@^5.1.2
492 silly packumentCache full:https://registry.npmjs.org/string-width cache-miss
493 silly fetch manifest string-width-cjs@npm:string-width@^4.2.0
494 silly packumentCache full:https://registry.npmjs.org/string-width cache-miss
495 silly fetch manifest strip-ansi@^7.0.1
496 silly packumentCache full:https://registry.npmjs.org/strip-ansi cache-miss
497 silly fetch manifest strip-ansi-cjs@npm:strip-ansi@^6.0.1
498 silly packumentCache full:https://registry.npmjs.org/strip-ansi cache-miss
499 silly fetch manifest wrap-ansi@^8.1.0
500 silly packumentCache full:https://registry.npmjs.org/wrap-ansi cache-miss
501 silly fetch manifest wrap-ansi-cjs@npm:wrap-ansi@^7.0.0
502 silly packumentCache full:https://registry.npmjs.org/wrap-ansi cache-miss
503 http fetch GET 200 https://registry.npmjs.org/string-width 141ms (cache revalidated)
504 silly packumentCache full:https://registry.npmjs.org/string-width set size:61460 disposed:false
505 http fetch GET 200 https://registry.npmjs.org/strip-ansi 142ms (cache revalidated)
506 silly packumentCache full:https://registry.npmjs.org/strip-ansi set size:43180 disposed:false
507 http fetch GET 200 https://registry.npmjs.org/strip-ansi 157ms (cache revalidated)
508 silly packumentCache full:https://registry.npmjs.org/strip-ansi set size:43180 disposed:false
509 silly packumentCache full:https://registry.npmjs.org/strip-ansi dispose
510 http fetch GET 200 https://registry.npmjs.org/string-width 159ms (cache revalidated)
511 silly packumentCache full:https://registry.npmjs.org/string-width set size:61460 disposed:false
512 silly packumentCache full:https://registry.npmjs.org/string-width dispose
513 http fetch GET 200 https://registry.npmjs.org/wrap-ansi 158ms (cache revalidated)
514 silly packumentCache full:https://registry.npmjs.org/wrap-ansi set size:51143 disposed:false
515 http fetch GET 200 https://registry.npmjs.org/wrap-ansi 177ms (cache revalidated)
516 silly packumentCache full:https://registry.npmjs.org/wrap-ansi set size:51143 disposed:false
517 silly packumentCache full:https://registry.npmjs.org/wrap-ansi dispose
518 silly placeDep ROOT string-width@5.1.2 OK for: @isaacs/cliui@8.0.2 want: ^5.1.2
519 silly placeDep ROOT string-width-cjs@4.2.3 OK for: @isaacs/cliui@8.0.2 want: npm:string-width@^4.2.0
520 silly placeDep ROOT strip-ansi@7.1.0 OK for: @isaacs/cliui@8.0.2 want: ^7.0.1
521 silly placeDep ROOT strip-ansi-cjs@6.0.1 OK for: @isaacs/cliui@8.0.2 want: npm:strip-ansi@^6.0.1
522 silly placeDep ROOT wrap-ansi@8.1.0 OK for: @isaacs/cliui@8.0.2 want: ^8.1.0
523 silly placeDep ROOT wrap-ansi-cjs@7.0.0 OK for: @isaacs/cliui@8.0.2 want: npm:wrap-ansi@^7.0.0
524 silly fetch manifest emoji-regex@^9.2.2
525 silly packumentCache full:https://registry.npmjs.org/emoji-regex cache-miss
526 silly fetch manifest eastasianwidth@^0.2.0
527 silly packumentCache full:https://registry.npmjs.org/eastasianwidth cache-miss
528 silly fetch manifest strip-ansi@^6.0.1
529 silly packumentCache full:https://registry.npmjs.org/strip-ansi cache-hit
530 silly fetch manifest emoji-regex@^8.0.0
531 silly packumentCache full:https://registry.npmjs.org/emoji-regex cache-miss
532 silly fetch manifest is-fullwidth-code-point@^3.0.0
533 silly packumentCache full:https://registry.npmjs.org/is-fullwidth-code-point cache-miss
534 silly fetch manifest ansi-regex@^6.0.1
535 silly packumentCache full:https://registry.npmjs.org/ansi-regex cache-miss
536 silly fetch manifest ansi-regex@^5.0.1
537 silly packumentCache full:https://registry.npmjs.org/ansi-regex cache-miss
538 silly fetch manifest ansi-styles@^6.1.0
539 silly packumentCache full:https://registry.npmjs.org/ansi-styles cache-miss
540 http fetch GET 200 https://registry.npmjs.org/ansi-regex 101ms (cache revalidated)
541 silly packumentCache full:https://registry.npmjs.org/ansi-regex set size:45233 disposed:false
542 silly fetch manifest ansi-styles@^4.0.0
543 silly packumentCache full:https://registry.npmjs.org/ansi-styles cache-miss
544 http fetch GET 200 https://registry.npmjs.org/ansi-regex 105ms (cache revalidated)
545 silly packumentCache full:https://registry.npmjs.org/ansi-regex set size:45233 disposed:false
546 silly packumentCache full:https://registry.npmjs.org/ansi-regex dispose
547 silly fetch manifest string-width@^4.1.0
548 silly packumentCache full:https://registry.npmjs.org/string-width cache-hit
549 silly fetch manifest strip-ansi@^6.0.0
550 silly packumentCache full:https://registry.npmjs.org/strip-ansi cache-hit
551 http fetch GET 200 https://registry.npmjs.org/emoji-regex 113ms (cache revalidated)
552 silly packumentCache full:https://registry.npmjs.org/emoji-regex set size:85187 disposed:false
553 http fetch GET 200 https://registry.npmjs.org/eastasianwidth 116ms (cache revalidated)
554 silly packumentCache full:https://registry.npmjs.org/eastasianwidth set size:7890 disposed:false
555 http fetch GET 200 https://registry.npmjs.org/is-fullwidth-code-point 116ms (cache revalidated)
556 silly packumentCache full:https://registry.npmjs.org/is-fullwidth-code-point set size:12553 disposed:false
557 http fetch GET 200 https://registry.npmjs.org/emoji-regex 118ms (cache revalidated)
558 silly packumentCache full:https://registry.npmjs.org/emoji-regex set size:85187 disposed:false
559 silly packumentCache full:https://registry.npmjs.org/emoji-regex dispose
560 http fetch GET 200 https://registry.npmjs.org/ansi-styles 119ms (cache revalidated)
561 silly packumentCache full:https://registry.npmjs.org/ansi-styles set size:66356 disposed:false
562 http fetch GET 200 https://registry.npmjs.org/ansi-styles 110ms (cache revalidated)
563 silly packumentCache full:https://registry.npmjs.org/ansi-styles set size:66356 disposed:false
564 silly packumentCache full:https://registry.npmjs.org/ansi-styles dispose
565 silly placeDep ROOT brace-expansion@2.0.1 OK for: minimatch@9.0.5 want: ^2.0.1
566 silly fetch manifest balanced-match@^1.0.0
567 silly packumentCache full:https://registry.npmjs.org/balanced-match cache-miss
568 http fetch GET 200 https://registry.npmjs.org/balanced-match 103ms (cache revalidated)
569 silly packumentCache full:https://registry.npmjs.org/balanced-match set size:33860 disposed:false
570 silly placeDep ROOT balanced-match@1.0.2 OK for: brace-expansion@2.0.1 want: ^1.0.0
571 silly placeDep ROOT any-promise@1.3.0 OK for: mz@2.7.0 want: ^1.0.0
572 silly placeDep ROOT object-assign@4.1.1 OK for: mz@2.7.0 want: ^4.0.1
573 silly placeDep ROOT thenify-all@1.6.0 OK for: mz@2.7.0 want: ^1.0.0
574 silly fetch manifest thenify@>= 3.1.0 < 4
575 silly packumentCache full:https://registry.npmjs.org/thenify cache-miss
576 http fetch GET 200 https://registry.npmjs.org/thenify 98ms (cache revalidated)
577 silly packumentCache full:https://registry.npmjs.org/thenify set size:21379 disposed:false
578 silly placeDep ROOT lru-cache@10.4.3 OK for: path-scurry@1.11.1 want: ^10.2.0
579 silly placeDep ROOT shebang-regex@3.0.0 OK for: shebang-command@2.0.0 want: ^3.0.0
580 silly placeDep ROOT eastasianwidth@0.2.0 OK for: string-width@5.1.2 want: ^0.2.0
581 silly placeDep ROOT emoji-regex@9.2.2 OK for: string-width@5.1.2 want: ^9.2.2
582 silly placeDep node_modules/string-width-cjs emoji-regex@8.0.0 OK for: string-width@4.2.3 want: ^8.0.0
583 silly placeDep ROOT is-fullwidth-code-point@3.0.0 OK for: string-width@4.2.3 want: ^3.0.0
584 silly placeDep node_modules/string-width-cjs strip-ansi@6.0.1 OK for: string-width@4.2.3 want: ^6.0.1
585 silly placeDep ROOT ansi-regex@6.0.1 OK for: strip-ansi@7.1.0 want: ^6.0.1
586 silly placeDep node_modules/strip-ansi-cjs ansi-regex@5.0.1 OK for: strip-ansi@6.0.1 want: ^5.0.1
587 silly placeDep ROOT thenify@3.3.1 OK for: thenify-all@1.6.0 want: >= 3.1.0 < 4
588 silly placeDep ROOT is-number@7.0.0 OK for: to-regex-range@5.0.1 want: ^7.0.0
589 silly placeDep ROOT isexe@2.0.0 OK for: which@2.0.2 want: ^2.0.0
590 silly placeDep ROOT ansi-styles@6.2.1 OK for: wrap-ansi@8.1.0 want: ^6.1.0
591 silly placeDep node_modules/wrap-ansi-cjs ansi-styles@4.3.0 OK for: wrap-ansi@7.0.0 want: ^4.0.0
592 silly placeDep node_modules/wrap-ansi-cjs string-width@4.2.3 OK for: wrap-ansi@7.0.0 want: ^4.1.0
593 silly placeDep node_modules/wrap-ansi-cjs strip-ansi@6.0.1 OK for: wrap-ansi@7.0.0 want: ^6.0.0
594 silly fetch manifest color-convert@^2.0.1
595 silly packumentCache full:https://registry.npmjs.org/color-convert cache-miss
596 http fetch GET 200 https://registry.npmjs.org/color-convert 109ms (cache revalidated)
597 silly packumentCache full:https://registry.npmjs.org/color-convert set size:61781 disposed:false
598 silly placeDep node_modules/string-width-cjs ansi-regex@5.0.1 OK for: strip-ansi@6.0.1 want: ^5.0.1
599 silly placeDep ROOT color-convert@2.0.1 OK for: ansi-styles@4.3.0 want: ^2.0.1
600 silly fetch manifest color-name@~1.1.4
601 silly packumentCache full:https://registry.npmjs.org/color-name cache-miss
602 http fetch GET 200 https://registry.npmjs.org/color-name 150ms (cache revalidated)
603 silly packumentCache full:https://registry.npmjs.org/color-name set size:16325 disposed:false
604 silly placeDep ROOT color-name@1.1.4 OK for: color-convert@2.0.1 want: ~1.1.4
605 silly placeDep node_modules/wrap-ansi-cjs emoji-regex@8.0.0 OK for: string-width@4.2.3 want: ^8.0.0
606 silly placeDep node_modules/wrap-ansi-cjs ansi-regex@5.0.1 OK for: strip-ansi@6.0.1 want: ^5.0.1
607 silly reify moves {}
608 verbose reify failed optional dependency C:\xampp\htdocs\project-ta-novia\node_modules\fsevents
609 silly reify mark deleted [ 'C:\\xampp\\htdocs\\project-ta-novia\\node_modules\\fsevents' ]
610 silly ADD node_modules/color-name
611 silly ADD node_modules/color-convert
612 silly ADD node_modules/ansi-styles
613 silly ADD node_modules/isexe
614 silly ADD node_modules/is-number
615 silly ADD node_modules/thenify
616 silly ADD node_modules/ansi-regex
617 silly ADD node_modules/is-fullwidth-code-point
618 silly ADD node_modules/emoji-regex
619 silly ADD node_modules/eastasianwidth
620 silly ADD node_modules/shebang-regex
621 silly ADD node_modules/lru-cache
622 silly ADD node_modules/thenify-all
623 silly ADD node_modules/object-assign
624 silly ADD node_modules/any-promise
625 silly ADD node_modules/balanced-match
626 silly ADD node_modules/brace-expansion
627 silly ADD node_modules/wrap-ansi-cjs
628 silly ADD node_modules/wrap-ansi-cjs/node_modules/ansi-regex
629 silly ADD node_modules/wrap-ansi-cjs/node_modules/emoji-regex
630 silly ADD node_modules/wrap-ansi-cjs/node_modules/strip-ansi
631 silly ADD node_modules/wrap-ansi-cjs/node_modules/string-width
632 silly ADD node_modules/wrap-ansi-cjs/node_modules/ansi-styles
633 silly ADD node_modules/wrap-ansi
634 silly ADD node_modules/strip-ansi-cjs
635 silly ADD node_modules/strip-ansi-cjs/node_modules/ansi-regex
636 silly ADD node_modules/strip-ansi
637 silly ADD node_modules/string-width-cjs
638 silly ADD node_modules/string-width-cjs/node_modules/ansi-regex
639 silly ADD node_modules/string-width-cjs/node_modules/strip-ansi
640 silly ADD node_modules/string-width-cjs/node_modules/emoji-regex
641 silly ADD node_modules/string-width
642 silly ADD node_modules/@pkgjs/parseargs
643 silly ADD node_modules/@isaacs/cliui
644 silly ADD node_modules/which
645 silly ADD node_modules/shebang-command
646 silly ADD node_modules/path-key
647 silly ADD node_modules/signal-exit
648 silly ADD node_modules/cross-spawn
649 silly ADD node_modules/path-scurry
650 silly ADD node_modules/package-json-from-dist
651 silly ADD node_modules/minipass
652 silly ADD node_modules/minimatch
653 silly ADD node_modules/jackspeak
654 silly ADD node_modules/foreground-child
655 silly ADD node_modules/@jridgewell/resolve-uri
656 silly ADD node_modules/@jridgewell/trace-mapping
657 silly ADD node_modules/@jridgewell/sourcemap-codec
658 silly ADD node_modules/@jridgewell/set-array
659 silly ADD node_modules/ts-interface-checker
660 silly ADD node_modules/pirates
661 silly ADD node_modules/mz
662 silly ADD node_modules/lines-and-columns
663 silly ADD node_modules/glob
664 silly ADD node_modules/commander
665 silly ADD node_modules/@jridgewell/gen-mapping
666 silly ADD node_modules/queue-microtask
667 silly ADD node_modules/function-bind
668 silly ADD node_modules/hasown
669 silly ADD node_modules/supports-preserve-symlinks-flag
670 silly ADD node_modules/path-parse
671 silly ADD node_modules/is-core-module
672 silly ADD node_modules/pify
673 silly ADD node_modules/util-deprecate
674 silly ADD node_modules/cssesc
675 silly ADD node_modules/yaml
676 silly ADD node_modules/camelcase-css
677 silly ADD node_modules/read-cache
678 silly ADD node_modules/postcss-value-parser
679 silly ADD node_modules/source-map-js
680 silly ADD node_modules/nanoid
681 silly ADD node_modules/is-extglob
682 silly ADD node_modules/binary-extensions
683 silly ADD node_modules/to-regex-range
684 silly ADD node_modules/reusify
685 silly ADD node_modules/run-parallel
686 silly ADD node_modules/fastq
687 silly ADD node_modules/@nodelib/fs.scandir
688 silly ADD node_modules/merge2
689 silly ADD node_modules/@nodelib/fs.walk
690 silly ADD node_modules/@nodelib/fs.stat
691 silly ADD node_modules/fill-range
692 silly ADD node_modules/picomatch
693 silly ADD node_modules/readdirp
694 silly ADD node_modules/is-binary-path
695 silly ADD
696 silly ADD node_modules/braces
697 silly ADD node_modules/anymatch
698 silly ADD node_modules/sucrase
699 silly ADD node_modules/resolve
700 silly ADD node_modules/postcss-selector-parser
701 silly ADD node_modules/postcss-nested
702 silly ADD node_modules/postcss-load-config
703 silly ADD node_modules/postcss-load-config/node_modules/lilconfig
704 silly ADD node_modules/postcss-js
705 silly ADD node_modules/postcss-import
706 silly ADD node_modules/postcss
707 silly ADD node_modules/picocolors
708 silly ADD node_modules/object-hash
709 silly ADD node_modules/normalize-path
710 silly ADD node_modules/micromatch
711 silly ADD node_modules/lilconfig
712 silly ADD node_modules/jiti
713 silly ADD node_modules/is-glob
714 silly ADD node_modules/glob-parent
715 silly ADD node_modules/fast-glob
716 silly ADD node_modules/fast-glob/node_modules/glob-parent
717 silly ADD node_modules/dlv
718 silly ADD node_modules/didyoumean
719 silly ADD node_modules/chokidar
720 silly ADD node_modules/chokidar/node_modules/glob-parent
721 silly ADD node_modules/arg
722 silly ADD node_modules/@alloc/quick-lru
723 silly ADD node_modules/tailwindcss
724 verbose cwd C:\xampp\htdocs\project-ta-novia
725 verbose os Windows_NT 10.0.22621
726 verbose node v20.15.0
727 verbose npm  v10.8.1
728 verbose exit 0
729 info ok
